<?xml version="1.0" encoding="UTF-8"?>
<!-- Generated by org.testng.reporters.JUnitReportReporter -->
<testsuite hostname="Pallavi_Tammali" failures="0" tests="2" name="comcast.package1.CreateTestContact" time="0.012" errors="0" timestamp="2024-10-17T10:38:23 IST" skipped="0">
  <testcase classname="comcast.package1.CreateTestContact" name="createContact" time="0.010"/>
  <system-out/>
  <testcase classname="comcast.package1.CreateTestContact" name="createContactwithdate" time="0.002"/>
  <system-out/>
</testsuite> <!-- comcast.package1.CreateTestContact -->
