<?xml version="1.0" encoding="UTF-8"?>
<!-- Generated by org.testng.reporters.JUnitReportReporter -->
<testsuite hostname="Pallavi_Tammali" failures="0" tests="1" name="practicepom.DataProviderExample" time="7.637" errors="0" timestamp="2024-10-09T17:10:34 IST" skipped="0">
  <testcase classname="practicepom.DataProviderExample" name="getProductInfoTest" time="7.637"/>
</testsuite> <!-- practicepom.DataProviderExample -->
