<?xml version="1.0" encoding="UTF-8"?>
<!-- Generated by org.testng.reporters.JUnitReportReporter -->
<testsuite hostname="Pallavi_Tammali" failures="0" tests="7" name="practice.testNG.InvocationCount" time="0.019" errors="0" timestamp="2024-09-10T16:37:01 IST" skipped="0">
  <testcase classname="practice.testNG.InvocationCount" name="creatContactTestwithmobileNumberTest" time="0.001"/>
  <testcase classname="practice.testNG.InvocationCount" name="creatContactTestwithmobileNumberTest" time="0.002"/>
  <testcase classname="practice.testNG.InvocationCount" name="creatContactTest" time="0.010"/>
  <testcase classname="practice.testNG.InvocationCount" name="creatContactTest" time="0.002"/>
  <testcase classname="practice.testNG.InvocationCount" name="creatContactTest" time="0.002"/>
  <testcase classname="practice.testNG.InvocationCount" name="creatContactTest" time="0.001"/>
  <testcase classname="practice.testNG.InvocationCount" name="creatContactTest" time="0.001"/>
</testsuite> <!-- practice.testNG.InvocationCount -->
