<?xml version="1.0" encoding="UTF-8"?>
<!-- Generated by org.testng.reporters.JUnitReportReporter -->
<testsuite hostname="Pallavi_Tammali" failures="0" tests="1" name="practicepom.SampleTestWithPOM" time="5.606" errors="0" timestamp="2024-09-05T16:11:33 IST" skipped="0">
  <testcase classname="practicepom.SampleTestWithPOM" name="sampleTest" time="5.606"/>
</testsuite> <!-- practicepom.SampleTestWithPOM -->
