<?xml version="1.0" encoding="UTF-8"?>
<!-- Generated by org.testng.reporters.JUnitReportReporter -->
<testsuite hostname="Pallavi_Tammali" failures="0" tests="1" name="practice.testNG.ReporterLog" time="0.008" errors="0" timestamp="2024-10-17T15:56:44 IST" skipped="0">
  <testcase classname="practice.testNG.ReporterLog" name="homepagetest" time="0.008"/>
  <system-out>
    <![CDATA[homepagetestTest Start
step 1
step 2
step 3
step 4
homepagetestTest End]]>
  </system-out>
</testsuite> <!-- practice.testNG.ReporterLog -->
