<?xml version="1.0" encoding="UTF-8"?>
<!-- Generated by org.testng.reporters.JUnitReportReporter -->
<testsuite hostname="Pallavi_Tammali" failures="0" tests="2" name="practice.testNG.contactTest" time="0.016" errors="0" timestamp="2024-09-09T18:03:07 IST" skipped="0">
  <testcase classname="practice.testNG.contactTest" name="creatContactTestwithmobileNumberTest" time="0.013"/>
  <testcase classname="practice.testNG.contactTest" name="creatContactTest" time="0.003"/>
</testsuite> <!-- practice.testNG.contactTest -->
