<?xml version="1.0" encoding="UTF-8"?>
<!-- Generated by org.testng.reporters.JUnitReportReporter -->
<testsuite hostname="Pallavi_Tammali" failures="0" tests="1" name="pomImplementation.CreateOrgPomImplement" time="36.479" errors="0" timestamp="2024-10-25T11:41:43 IST" skipped="0">
  <testcase classname="pomImplementation.CreateOrgPomImplement" name="createorgTest" time="36.479"/>
  <system-out/>
</testsuite> <!-- pomImplementation.CreateOrgPomImplement -->
