<?xml version="1.0" encoding="UTF-8"?>
<!-- Generated by org.testng.reporters.JUnitReportReporter -->
<testsuite hostname="Pallavi_Tammali" failures="0" tests="3" name="com.comcast.crm.contacttest.CreateContactDataProvider_Test2" time="0.007" errors="0" timestamp="2024-10-17T10:40:09 IST" skipped="0">
  <testcase classname="com.comcast.crm.contacttest.CreateContactDataProvider_Test2" name="createcontacttest" time="0.001"/>
  <system-out/>
  <testcase classname="com.comcast.crm.contacttest.CreateContactDataProvider_Test2" name="createcontacttest" time="0.001"/>
  <system-out/>
  <testcase classname="com.comcast.crm.contacttest.CreateContactDataProvider_Test2" name="createcontacttest" time="0.005"/>
  <system-out/>
</testsuite> <!-- com.comcast.crm.contacttest.CreateContactDataProvider_Test2 -->
