<?xml version="1.0" encoding="UTF-8"?>
<!-- Generated by org.testng.reporters.JUnitReportReporter -->
<testsuite hostname="Pallavi_Tammali" failures="0" tests="2" name="practice.testNG.BasicTestNgProgram" time="0.014" errors="0" timestamp="2024-09-09T17:10:02 IST" skipped="0">
  <testcase classname="practice.testNG.BasicTestNgProgram" name="creatContactTest" time="0.012"/>
  <testcase classname="practice.testNG.BasicTestNgProgram" name="creatContactTestwithmobileNumberTest" time="0.002"/>
</testsuite> <!-- practice.testNG.BasicTestNgProgram -->
