<?xml version="1.0" encoding="UTF-8"?>
<!-- Generated by org.testng.reporters.JUnitReportReporter -->
<testsuite hostname="Pallavi_Tammali" failures="0" tests="1" name="practicepom.AutoHealing" time="6.037" errors="0" timestamp="2024-09-10T10:44:27 IST" skipped="0">
  <testcase classname="practicepom.AutoHealing" name="sampleTest" time="6.037"/>
</testsuite> <!-- practicepom.AutoHealing -->
