<?xml version="1.0" encoding="UTF-8"?>
<!-- Generated by org.testng.reporters.JUnitReportReporter -->
<testsuite hostname="Pallavi_Tammali" failures="0" tests="1" name="practiceextentreports.SampleReportTest" time="0.317" errors="0" timestamp="2024-10-22T18:20:19 IST" skipped="0">
  <testcase classname="practiceextentreports.SampleReportTest" name="createcontacttest" time="0.317"/>
  <system-out/>
</testsuite> <!-- practiceextentreports.SampleReportTest -->
