<?xml version="1.0" encoding="UTF-8"?>
<!-- Generated by org.testng.reporters.JUnitReportReporter -->
<testsuite hostname="Pallavi_Tammali" failures="0" tests="2" name="practice.testNG.DependsMethod" time="0.011" errors="0" timestamp="2024-09-10T16:18:21 IST" skipped="0">
  <testcase classname="practice.testNG.DependsMethod" name="creatContactTestwithmobileNumberTest" time="0.002"/>
  <testcase classname="practice.testNG.DependsMethod" name="creatContactTest" time="0.009"/>
</testsuite> <!-- practice.testNG.DependsMethod -->
